<?xml version="1.0" encoding="UTF-8"?>
<testsuite name="com.roslabsystem.todo.RegistrationControllerTest" tests="1" skipped="0" failures="0" errors="0" timestamp="2024-06-01T19:57:40" hostname="MISHEL" time="1.406">
  <properties/>
  <testcase name="registrationTest()" classname="com.roslabsystem.todo.RegistrationControllerTest" time="1.406"/>
  <system-out><![CDATA[00:57:25.772 [Test worker] INFO org.testcontainers.images.PullPolicy -- Image pull policy will be performed by: DefaultPullPolicy()
00:57:25.783 [Test worker] INFO org.testcontainers.utility.ImageNameSubstitutor -- Image name substitution will be performed by: DefaultImageNameSubstitutor (composite of 'ConfigurationFileImageNameSubstitutor' and 'PrefixingImageNameSubstitutor')
00:57:26.114 [Test worker] INFO org.testcontainers.dockerclient.DockerClientProviderStrategy -- Loaded org.testcontainers.dockerclient.NpipeSocketClientProviderStrategy from ~/.testcontainers.properties, will try it first
00:57:26.508 [Test worker] INFO org.testcontainers.dockerclient.DockerClientProviderStrategy -- Found Docker environment with local Npipe socket (npipe:////./pipe/docker_engine)
00:57:26.510 [Test worker] INFO org.testcontainers.DockerClientFactory -- Docker host IP address is localhost
00:57:26.538 [Test worker] INFO org.testcontainers.DockerClientFactory -- Connected to docker: 
  Server Version: 25.0.3
  API Version: 1.44
  Operating System: Docker Desktop
  Total Memory: 7918 MB
00:57:26.688 [Test worker] INFO tc.testcontainers/ryuk:0.7.0 -- Creating container for image: testcontainers/ryuk:0.7.0
00:57:27.093 [Test worker] INFO tc.testcontainers/ryuk:0.7.0 -- Container testcontainers/ryuk:0.7.0 is starting: 2437770c893e781b010542a26c849b877f12fbabf13c34594bf61082e09627d8
00:57:27.600 [Test worker] INFO tc.testcontainers/ryuk:0.7.0 -- Container testcontainers/ryuk:0.7.0 started in PT0.9125912S
00:57:27.608 [Test worker] INFO org.testcontainers.utility.RyukResourceReaper -- Ryuk started - will monitor and terminate Testcontainers containers on JVM exit
00:57:27.609 [Test worker] INFO org.testcontainers.DockerClientFactory -- Checking the system...
00:57:27.609 [Test worker] INFO org.testcontainers.DockerClientFactory -- ?? Docker server version should be at least 1.6.0
00:57:27.610 [Test worker] INFO tc.postgres:13.3 -- Creating container for image: postgres:13.3
00:57:27.739 [Test worker] INFO tc.postgres:13.3 -- Container postgres:13.3 is starting: ff22fcc9f404bcd5f7ae985952291ad3f8da4e9a67884b89921b76a8a1206b1d
00:57:29.497 [Test worker] INFO tc.postgres:13.3 -- Container postgres:13.3 started in PT1.8869967S
00:57:29.498 [Test worker] INFO tc.postgres:13.3 -- Container is started (JDBC URL: jdbc:postgresql://localhost:57537/test?loggerLevel=OFF)
00:57:29.629 [Test worker] INFO org.springframework.test.context.support.AnnotationConfigContextLoaderUtils -- Could not detect default configuration classes for test class [com.roslabsystem.todo.RegistrationControllerTest]: RegistrationControllerTest does not declare any static, non-private, non-final, nested classes annotated with @Configuration.
00:57:29.806 [Test worker] INFO org.springframework.boot.test.context.SpringBootTestContextBootstrapper -- Found @SpringBootConfiguration com.roslabsystem.todo.RoslabTodoTaskApplication for test class com.roslabsystem.todo.RegistrationControllerTest

  .   ____          _            __ _ _
 /\\ / ___'_ __ _ _(_)_ __  __ _ \ \ \ \
( ( )\___ | '_ | '_| | '_ \/ _` | \ \ \ \
 \\/  ___)| |_)| | | | | || (_| |  ) ) ) )
  '  |____| .__|_| |_|_| |_\__, | / / / /
 =========|_|==============|___/=/_/_/_/
 :: Spring Boot ::                (v3.2.6)

2024-06-02T00:57:30.540+05:00  INFO 32936 --- [    Test worker] c.r.todo.RegistrationControllerTest      : Starting RegistrationControllerTest using Java 21.0.1 with PID 32936 (started by mesle in C:\Users\mesle\Desktop\DEV\RoslabTodoTask)
2024-06-02T00:57:30.542+05:00  INFO 32936 --- [    Test worker] c.r.todo.RegistrationControllerTest      : No active profile set, falling back to 1 default profile: "default"
2024-06-02T00:57:31.800+05:00  INFO 32936 --- [    Test worker] .s.d.r.c.RepositoryConfigurationDelegate : Bootstrapping Spring Data JPA repositories in DEFAULT mode.
2024-06-02T00:57:31.926+05:00  INFO 32936 --- [    Test worker] .s.d.r.c.RepositoryConfigurationDelegate : Finished Spring Data repository scanning in 103 ms. Found 4 JPA repository interfaces.
2024-06-02T00:57:33.127+05:00  INFO 32936 --- [    Test worker] o.hibernate.jpa.internal.util.LogHelper  : HHH000204: Processing PersistenceUnitInfo [name: default]
2024-06-02T00:57:33.332+05:00  INFO 32936 --- [    Test worker] org.hibernate.Version                    : HHH000412: Hibernate ORM core version 6.4.8.Final
2024-06-02T00:57:33.422+05:00  INFO 32936 --- [    Test worker] o.h.c.internal.RegionFactoryInitiator    : HHH000026: Second-level cache disabled
2024-06-02T00:57:33.625+05:00  INFO 32936 --- [    Test worker] com.zaxxer.hikari.HikariDataSource       : HikariPool-1 - Starting...
2024-06-02T00:57:33.773+05:00  INFO 32936 --- [    Test worker] com.zaxxer.hikari.pool.HikariPool        : HikariPool-1 - Added connection org.postgresql.jdbc.PgConnection@72b1df49
2024-06-02T00:57:33.775+05:00  INFO 32936 --- [    Test worker] com.zaxxer.hikari.HikariDataSource       : HikariPool-1 - Start completed.
2024-06-02T00:57:34.129+05:00  INFO 32936 --- [    Test worker] o.s.o.j.p.SpringPersistenceUnitInfo      : No LoadTimeWeaver setup: ignoring JPA class transformer
2024-06-02T00:57:35.823+05:00  INFO 32936 --- [    Test worker] o.h.e.t.j.p.i.JtaPlatformInitiator       : HHH000489: No JTA platform available (set 'hibernate.transaction.jta.platform' to enable JTA platform integration)
2024-06-02T00:57:35.850+05:00 DEBUG 32936 --- [    Test worker] org.hibernate.SQL                        : alter table if exists public.file drop constraint if exists FKkl8espv0gf1wcu82gvj2lccbm
2024-06-02T00:57:35.858+05:00  WARN 32936 --- [    Test worker] o.h.engine.jdbc.spi.SqlExceptionHelper   : SQL Warning Code: 0, SQLState: 00000
2024-06-02T00:57:35.858+05:00  WARN 32936 --- [    Test worker] o.h.engine.jdbc.spi.SqlExceptionHelper   : relation "file" does not exist, skipping
2024-06-02T00:57:35.858+05:00 DEBUG 32936 --- [    Test worker] org.hibernate.SQL                        : alter table if exists public.task drop constraint if exists FK3mingmcxwk920dmv80g041abe
2024-06-02T00:57:35.860+05:00  WARN 32936 --- [    Test worker] o.h.engine.jdbc.spi.SqlExceptionHelper   : SQL Warning Code: 0, SQLState: 00000
2024-06-02T00:57:35.861+05:00  WARN 32936 --- [    Test worker] o.h.engine.jdbc.spi.SqlExceptionHelper   : relation "task" does not exist, skipping
2024-06-02T00:57:35.861+05:00 DEBUG 32936 --- [    Test worker] org.hibernate.SQL                        : alter table if exists public.todo drop constraint if exists FKg4p6o384t0v8eyqwmpgr8lyj4
2024-06-02T00:57:35.868+05:00  WARN 32936 --- [    Test worker] o.h.engine.jdbc.spi.SqlExceptionHelper   : SQL Warning Code: 0, SQLState: 00000
2024-06-02T00:57:35.869+05:00  WARN 32936 --- [    Test worker] o.h.engine.jdbc.spi.SqlExceptionHelper   : relation "todo" does not exist, skipping
2024-06-02T00:57:35.869+05:00 DEBUG 32936 --- [    Test worker] org.hibernate.SQL                        : drop table if exists public.file cascade
2024-06-02T00:57:35.871+05:00  WARN 32936 --- [    Test worker] o.h.engine.jdbc.spi.SqlExceptionHelper   : SQL Warning Code: 0, SQLState: 00000
2024-06-02T00:57:35.871+05:00  WARN 32936 --- [    Test worker] o.h.engine.jdbc.spi.SqlExceptionHelper   : table "file" does not exist, skipping
2024-06-02T00:57:35.871+05:00 DEBUG 32936 --- [    Test worker] org.hibernate.SQL                        : drop table if exists public.task cascade
2024-06-02T00:57:35.873+05:00  WARN 32936 --- [    Test worker] o.h.engine.jdbc.spi.SqlExceptionHelper   : SQL Warning Code: 0, SQLState: 00000
2024-06-02T00:57:35.874+05:00  WARN 32936 --- [    Test worker] o.h.engine.jdbc.spi.SqlExceptionHelper   : table "task" does not exist, skipping
2024-06-02T00:57:35.874+05:00 DEBUG 32936 --- [    Test worker] org.hibernate.SQL                        : drop table if exists public.todo cascade
2024-06-02T00:57:35.876+05:00  WARN 32936 --- [    Test worker] o.h.engine.jdbc.spi.SqlExceptionHelper   : SQL Warning Code: 0, SQLState: 00000
2024-06-02T00:57:35.876+05:00  WARN 32936 --- [    Test worker] o.h.engine.jdbc.spi.SqlExceptionHelper   : table "todo" does not exist, skipping
2024-06-02T00:57:35.876+05:00 DEBUG 32936 --- [    Test worker] org.hibernate.SQL                        : drop table if exists public.user_info cascade
2024-06-02T00:57:35.878+05:00  WARN 32936 --- [    Test worker] o.h.engine.jdbc.spi.SqlExceptionHelper   : SQL Warning Code: 0, SQLState: 00000
2024-06-02T00:57:35.878+05:00  WARN 32936 --- [    Test worker] o.h.engine.jdbc.spi.SqlExceptionHelper   : table "user_info" does not exist, skipping
2024-06-02T00:57:35.878+05:00 DEBUG 32936 --- [    Test worker] org.hibernate.SQL                        : drop sequence if exists public.todo_seq
2024-06-02T00:57:35.881+05:00  WARN 32936 --- [    Test worker] o.h.engine.jdbc.spi.SqlExceptionHelper   : SQL Warning Code: 0, SQLState: 00000
2024-06-02T00:57:35.881+05:00  WARN 32936 --- [    Test worker] o.h.engine.jdbc.spi.SqlExceptionHelper   : sequence "todo_seq" does not exist, skipping
2024-06-02T00:57:35.891+05:00 DEBUG 32936 --- [    Test worker] org.hibernate.SQL                        : create sequence public.todo_seq start with 1 increment by 1
2024-06-02T00:57:35.900+05:00 DEBUG 32936 --- [    Test worker] org.hibernate.SQL                        : create table public.file (id bigint not null, task_id bigint, name varchar(255), type varchar(255), data oid, primary key (id))
2024-06-02T00:57:35.904+05:00 DEBUG 32936 --- [    Test worker] org.hibernate.SQL                        : create table public.task (is_completed boolean, id bigint not null, todo_id bigint, description varchar(255), primary key (id))
2024-06-02T00:57:35.907+05:00 DEBUG 32936 --- [    Test worker] org.hibernate.SQL                        : create table public.todo (id bigint not null, user_id bigint, todo_name varchar(255), primary key (id))
2024-06-02T00:57:35.911+05:00 DEBUG 32936 --- [    Test worker] org.hibernate.SQL                        : create table public.user_info (account_non_expired boolean not null, account_non_locked boolean not null, credentials_non_expired boolean not null, enabled boolean not null, id bigint not null, password varchar(255), username varchar(255), authorities jsonb, primary key (id))
2024-06-02T00:57:35.915+05:00 DEBUG 32936 --- [    Test worker] org.hibernate.SQL                        : alter table if exists public.file add constraint FKkl8espv0gf1wcu82gvj2lccbm foreign key (task_id) references public.task
2024-06-02T00:57:35.919+05:00 DEBUG 32936 --- [    Test worker] org.hibernate.SQL                        : alter table if exists public.task add constraint FK3mingmcxwk920dmv80g041abe foreign key (todo_id) references public.todo
2024-06-02T00:57:35.921+05:00 DEBUG 32936 --- [    Test worker] org.hibernate.SQL                        : alter table if exists public.todo add constraint FKg4p6o384t0v8eyqwmpgr8lyj4 foreign key (user_id) references public.user_info
2024-06-02T00:57:35.927+05:00  INFO 32936 --- [    Test worker] j.LocalContainerEntityManagerFactoryBean : Initialized JPA EntityManagerFactory for persistence unit 'default'
2024-06-02T00:57:36.470+05:00  INFO 32936 --- [    Test worker] o.s.d.j.r.query.QueryEnhancerFactory     : Hibernate is in classpath; If applicable, HQL parser will be used.
2024-06-02T00:57:39.415+05:00  INFO 32936 --- [    Test worker] o.s.s.web.DefaultSecurityFilterChain     : Will secure any request with [org.springframework.security.web.session.DisableEncodeUrlFilter@348143e1, org.springframework.security.web.context.request.async.WebAsyncManagerIntegrationFilter@23b456ac, org.springframework.security.web.context.SecurityContextHolderFilter@79414283, org.springframework.security.web.header.HeaderWriterFilter@6c648d16, org.springframework.web.filter.CorsFilter@7ef35d1f, org.springframework.security.web.authentication.www.BasicAuthenticationFilter@792dc1fc, org.springframework.security.web.servletapi.SecurityContextHolderAwareRequestFilter@31857c80, org.springframework.security.web.authentication.AnonymousAuthenticationFilter@2abc6965, org.springframework.security.web.access.ExceptionTranslationFilter@3ca1a69b, org.springframework.security.web.access.intercept.AuthorizationFilter@66b8f244]
2024-06-02T00:57:40.472+05:00  INFO 32936 --- [    Test worker] o.s.b.t.m.w.SpringBootMockServletContext : Initializing Spring TestDispatcherServlet ''
2024-06-02T00:57:40.473+05:00  INFO 32936 --- [    Test worker] o.s.t.web.servlet.TestDispatcherServlet  : Initializing Servlet ''
2024-06-02T00:57:40.474+05:00  INFO 32936 --- [    Test worker] o.s.t.web.servlet.TestDispatcherServlet  : Completed initialization in 1 ms
2024-06-02T00:57:40.549+05:00  INFO 32936 --- [    Test worker] c.r.todo.RegistrationControllerTest      : Started RegistrationControllerTest in 10.514 seconds (process running for 16.15)
2024-06-02T00:57:41.740+05:00 DEBUG 32936 --- [    Test worker] org.hibernate.SQL                        : select ue1_0.id,ue1_0.account_non_expired,ue1_0.account_non_locked,ue1_0.authorities,ue1_0.credentials_non_expired,ue1_0.enabled,ue1_0.password,ue1_0.username from public.user_info ue1_0 where ue1_0.username=?
2024-06-02T00:57:41.774+05:00 DEBUG 32936 --- [    Test worker] org.hibernate.SQL                        : select nextval('public.todo_seq')
2024-06-02T00:57:41.832+05:00 DEBUG 32936 --- [    Test worker] org.hibernate.SQL                        : insert into public.user_info (account_non_expired,account_non_locked,authorities,credentials_non_expired,enabled,password,username,id) values (?,?,?,?,?,?,?,?)
2024-06-02T00:57:41.896+05:00 DEBUG 32936 --- [    Test worker] org.hibernate.SQL                        : select ue1_0.id,ue1_0.account_non_expired,ue1_0.account_non_locked,ue1_0.authorities,ue1_0.credentials_non_expired,ue1_0.enabled,ue1_0.password,ue1_0.username from public.user_info ue1_0 where ue1_0.username=?
]]></system-out>
  <system-err><![CDATA[WARNING: A Java agent has been loaded dynamically (C:\Users\mesle\.gradle\caches\modules-2\files-2.1\net.bytebuddy\byte-buddy-agent\1.14.16\4a451ee6484abac3a498df0f3b33ed00a6fced4d\byte-buddy-agent-1.14.16.jar)
WARNING: If a serviceability tool is in use, please run with -XX:+EnableDynamicAgentLoading to hide this warning
WARNING: If a serviceability tool is not in use, please run with -Djdk.instrument.traceUsage for more information
WARNING: Dynamic loading of agents will be disallowed by default in a future release
]]></system-err>
</testsuite>
